<?xml version="1.0" encoding="UTF-8"?>
<!-- Generated by org.testng.reporters.JUnitXMLReporter -->
<testsuite hostname="Gagan" ignored="0" name="Default test" tests="3" failures="0" timestamp="25 Dec 2020 14:14:33 GMT" time="20.883" errors="0">
  <testcase name="verify_ohm_title" time="0.029" classname="com.ohm.Testcases.test_ohm_title"/>
  <testcase name="verify_ohm_Logo" time="0.171" classname="com.ohm.Testcases.test_ohm_title"/>
  <testcase name="verify_ohm_login_header" time="0.246" classname="com.ohm.Testcases.test_ohm_title"/>
</testsuite> <!-- Default test -->
