<?xml version="1.0" encoding="UTF-8"?>
<!-- Generated by org.testng.reporters.JUnitXMLReporter -->
<testsuite hostname="Gagan" ignored="2" name="Test" tests="4" failures="0" timestamp="25 Dec 2020 12:12:14 GMT" time="20.741" errors="0">
  <testcase name="verifyloginTest" time="2.322" classname="com.ohm.Testcases.test_ohm_logintest"/>
  <testcase name="verifyloginTest" time="0.999" classname="com.ohm.Testcases.test_ohm_logintest"/>
  <testcase name="verifyloginTest" time="0.905" classname="com.ohm.Testcases.test_ohm_logintest"/>
  <testcase name="verifyloginTest" time="1.315" classname="com.ohm.Testcases.test_ohm_logintest"/>
  <testcase name="@BeforeSuite precondition" time="0.0" classname="com.ohm.Testcases.BaseTest">
    <ignored/>
  </testcase> <!-- @BeforeSuite precondition -->
  <testcase name="@BeforeSuite precondition" time="0.0" classname="com.ohm.Testcases.BaseTest">
    <ignored/>
  </testcase> <!-- @BeforeSuite precondition -->
</testsuite> <!-- Test -->
